c:\users\hiruw\seneca\seneca cpa\semester 2\oop\milestone 4\milestone 4\x64\debug\vc143.pdb
c:\users\hiruw\seneca\seneca cpa\semester 2\oop\milestone 4\milestone 4\x64\debug\vc143.idb
c:\users\hiruw\seneca\seneca cpa\semester 2\oop\milestone 4\milestone 4\x64\debug\utils.obj
c:\users\hiruw\seneca\seneca cpa\semester 2\oop\milestone 4\milestone 4\x64\debug\ordering.obj
c:\users\hiruw\seneca\seneca cpa\semester 2\oop\milestone 4\milestone 4\x64\debug\menu.obj
c:\users\hiruw\seneca\seneca cpa\semester 2\oop\milestone 4\milestone 4\x64\debug\food.obj
c:\users\hiruw\seneca\seneca cpa\semester 2\oop\milestone 4\milestone 4\x64\debug\drink.obj
c:\users\hiruw\seneca\seneca cpa\semester 2\oop\milestone 4\milestone 4\x64\debug\billable.obj
c:\users\hiruw\seneca\seneca cpa\semester 2\oop\milestone 4\milestone 4\x64\debug\ms4.obj
c:\users\hiruw\seneca\seneca cpa\semester 2\oop\milestone 4\x64\debug\milestone 4.exe
c:\users\hiruw\seneca\seneca cpa\semester 2\oop\milestone 4\x64\debug\milestone 4.pdb
c:\users\hiruw\seneca\seneca cpa\semester 2\oop\milestone 4\milestone 4\x64\debug\milestone 4.ilk
c:\users\hiruw\seneca\seneca cpa\semester 2\oop\milestone 4\milestone 4\x64\debug\milestone 4.tlog\cl.command.1.tlog
c:\users\hiruw\seneca\seneca cpa\semester 2\oop\milestone 4\milestone 4\x64\debug\milestone 4.tlog\cl.items.tlog
c:\users\hiruw\seneca\seneca cpa\semester 2\oop\milestone 4\milestone 4\x64\debug\milestone 4.tlog\cl.read.1.tlog
c:\users\hiruw\seneca\seneca cpa\semester 2\oop\milestone 4\milestone 4\x64\debug\milestone 4.tlog\cl.write.1.tlog
c:\users\hiruw\seneca\seneca cpa\semester 2\oop\milestone 4\milestone 4\x64\debug\milestone 4.tlog\link.command.1.tlog
c:\users\hiruw\seneca\seneca cpa\semester 2\oop\milestone 4\milestone 4\x64\debug\milestone 4.tlog\link.read.1.tlog
c:\users\hiruw\seneca\seneca cpa\semester 2\oop\milestone 4\milestone 4\x64\debug\milestone 4.tlog\link.secondary.1.tlog
c:\users\hiruw\seneca\seneca cpa\semester 2\oop\milestone 4\milestone 4\x64\debug\milestone 4.tlog\link.write.1.tlog
